<?xml version="1.0" encoding="UTF-8"?>
<!-- Generated by org.testng.reporters.JUnitReportReporter -->
<testsuite skipped="0" hostname="NavTech-PC" name="projectMaven.BramptonMVNProject.SampleTestNGCode" tests="1" failures="0" timestamp="16 Feb 2019 21:34:23 GMT" time="6.063" errors="0">
  <testcase name="invokeBrowser" time="6.063" classname="projectMaven.BramptonMVNProject.SampleTestNGCode"/>
</testsuite> <!-- projectMaven.BramptonMVNProject.SampleTestNGCode -->
