<?xml version="1.0" encoding="UTF-8"?>
<!-- Generated by org.testng.reporters.JUnitReportReporter -->
<testsuite skipped="0" hostname="NavTech-PC" name="projectMaven.BramptonMVNProject.DataProviders" tests="2" failures="0" timestamp="17 Feb 2019 13:41:34 GMT" time="62.948" errors="0">
  <testcase name="login" time="39.438" classname="projectMaven.BramptonMVNProject.DataProviders"/>
  <testcase name="login" time="23.510" classname="projectMaven.BramptonMVNProject.DataProviders"/>
</testsuite> <!-- projectMaven.BramptonMVNProject.DataProviders -->
