<?xml version="1.0" encoding="UTF-8"?>
<!-- Generated by org.testng.reporters.JUnitReportReporter -->
<testsuite skipped="0" hostname="NavTech-PC" name="projectMaven.BramptonMVNProject.BookingTickets" tests="2" failures="0" timestamp="16 Feb 2019 21:49:24 GMT" time="0.013" errors="0">
  <testcase name="logout" time="0.001" classname="projectMaven.BramptonMVNProject.BookingTickets"/>
  <testcase name="login" time="0.012" classname="projectMaven.BramptonMVNProject.BookingTickets"/>
</testsuite> <!-- projectMaven.BramptonMVNProject.BookingTickets -->
