<?xml version="1.0" encoding="UTF-8"?>
<!-- Generated by org.testng.reporters.JUnitReportReporter -->
<testsuite skipped="0" hostname="NavTech-PC" name="projectMaven.BramptonMVNProject.Annotations" tests="2" failures="0" timestamp="16 Feb 2019 22:04:07 GMT" time="0.007" errors="0">
  <testcase name="booking" time="0.005" classname="projectMaven.BramptonMVNProject.Annotations"/>
  <testcase name="cancel" time="0.002" classname="projectMaven.BramptonMVNProject.Annotations"/>
</testsuite> <!-- projectMaven.BramptonMVNProject.Annotations -->
